Using pre-set license
Built from '2022.3/staging' branch; Version is '2022.3.9f1 (ea401c316338) revision 15351836'; Using compiler version '192829333'; Build Type 'Release'
OS: 'Windows 11  (10.0.22631) 64bit Core' Language: 'en' Physical Memory: 32677 MB
BatchMode: 1, IsHumanControllingUs: 0, StartBugReporterOnCrash: 0, Is64bit: 1, IsPro: 1

COMMAND LINE ARGUMENTS:
C:\Program Files\Unity\Hub\Editor\2022.3.9f1\Editor\Unity.exe
-adb2
-batchMode
-noUpm
-name
AssetImportWorker4
-projectPath
D:/Homework/AR/Attempt 3/ArLens/ArLens
-logFile
Logs/AssetImportWorker4.log
-srvPort
51639
Successfully changed project path to: D:/Homework/AR/Attempt 3/ArLens/ArLens
D:/Homework/AR/Attempt 3/ArLens/ArLens
[UnityMemory] Configuration Parameters - Can be set up in boot.config
    "memorysetup-bucket-allocator-granularity=16"
    "memorysetup-bucket-allocator-bucket-count=8"
    "memorysetup-bucket-allocator-block-size=33554432"
    "memorysetup-bucket-allocator-block-count=8"
    "memorysetup-main-allocator-block-size=16777216"
    "memorysetup-thread-allocator-block-size=16777216"
    "memorysetup-gfx-main-allocator-block-size=16777216"
    "memorysetup-gfx-thread-allocator-block-size=16777216"
    "memorysetup-cache-allocator-block-size=4194304"
    "memorysetup-typetree-allocator-block-size=2097152"
    "memorysetup-profiler-bucket-allocator-granularity=16"
    "memorysetup-profiler-bucket-allocator-bucket-count=8"
    "memorysetup-profiler-bucket-allocator-block-size=33554432"
    "memorysetup-profiler-bucket-allocator-block-count=8"
    "memorysetup-profiler-allocator-block-size=16777216"
    "memorysetup-profiler-editor-allocator-block-size=1048576"
    "memorysetup-temp-allocator-size-main=16777216"
    "memorysetup-job-temp-allocator-block-size=2097152"
    "memorysetup-job-temp-allocator-block-size-background=1048576"
    "memorysetup-job-temp-allocator-reduction-small-platforms=262144"
    "memorysetup-allocator-temp-initial-block-size-main=262144"
    "memorysetup-allocator-temp-initial-block-size-worker=262144"
    "memorysetup-temp-allocator-size-background-worker=32768"
    "memorysetup-temp-allocator-size-job-worker=262144"
    "memorysetup-temp-allocator-size-preload-manager=33554432"
    "memorysetup-temp-allocator-size-nav-mesh-worker=65536"
    "memorysetup-temp-allocator-size-audio-worker=65536"
    "memorysetup-temp-allocator-size-cloud-worker=32768"
    "memorysetup-temp-allocator-size-gi-baking-worker=262144"
    "memorysetup-temp-allocator-size-gfx=262144"
Player connection [17392] Host "[IP] 172.30.185.74 [Port] 0 [Flags] 2 [Guid] 194300511 [EditorId] 194300511 [Version] 1048832 [Id] WindowsEditor(7,DESKTOP-4EIO0VP) [Debug] 1 [PackageName] WindowsEditor [ProjectName] Editor" joined multi-casting on [225.0.0.222:54997]...

Player connection [17392] Host "[IP] 172.30.185.74 [Port] 0 [Flags] 2 [Guid] 194300511 [EditorId] 194300511 [Version] 1048832 [Id] WindowsEditor(7,DESKTOP-4EIO0VP) [Debug] 1 [PackageName] WindowsEditor [ProjectName] Editor" joined alternative multi-casting on [225.0.0.222:34997]...

[Physics::Module] Initialized MultithreadedJobDispatcher with 15 workers.
Refreshing native plugins compatible for Editor in 17.68 ms, found 16 plugins.
Preloading 0 native plugins for Editor in 0.00 ms.
Initialize engine version: 2022.3.9f1 (ea401c316338)
[Subsystems] Discovering subsystems at path C:/Program Files/Unity/Hub/Editor/2022.3.9f1/Editor/Data/Resources/UnitySubsystems
[Subsystems] Discovering subsystems at path D:/Homework/AR/Attempt 3/ArLens/ArLens/Assets
GfxDevice: creating device client; threaded=0; jobified=0
Direct3D:
    Version:  Direct3D 11.0 [level 11.1]
    Renderer: NVIDIA GeForce RTX 2080 SUPER (ID=0x1e81)
    Vendor:   NVIDIA
    VRAM:     8001 MB
    Driver:   31.0.15.3742
Initialize mono
Mono path[0] = 'C:/Program Files/Unity/Hub/Editor/2022.3.9f1/Editor/Data/Managed'
Mono path[1] = 'C:/Program Files/Unity/Hub/Editor/2022.3.9f1/Editor/Data/MonoBleedingEdge/lib/mono/unityjit-win32'
Mono config path = 'C:/Program Files/Unity/Hub/Editor/2022.3.9f1/Editor/Data/MonoBleedingEdge/etc'
Using monoOptions --debugger-agent=transport=dt_socket,embedding=1,server=y,suspend=n,address=127.0.0.1:56256
Begin MonoManager ReloadAssembly
Registering precompiled unity dll's ...
Register platform support module: C:/Program Files/Unity/Hub/Editor/2022.3.9f1/Editor/Data/PlaybackEngines/WebGLSupport/UnityEditor.WebGL.Extensions.dll
Register platform support module: C:/Program Files/Unity/Hub/Editor/2022.3.9f1/Editor/Data/PlaybackEngines/AndroidPlayer/UnityEditor.Android.Extensions.dll
Register platform support module: C:/Program Files/Unity/Hub/Editor/2022.3.9f1/Editor/Data/PlaybackEngines/WindowsStandaloneSupport/UnityEditor.WindowsStandalone.Extensions.dll
Register platform support module: C:/Program Files/Unity/Hub/Editor/2022.3.9f1/Editor/Data/PlaybackEngines/MetroSupport/UnityEditor.UWP.Extensions.dll
Registered in 0.010976 seconds.
- Loaded All Assemblies, in  0.307 seconds
Native extension for UWP target not found
Native extension for WindowsStandalone target not found
Native extension for Android target not found
Android Extension - Scanning For ADB Devices 204 ms
Native extension for WebGL target not found
Mono: successfully reloaded assembly
- Finished resetting the current domain, in  0.473 seconds
Domain Reload Profiling: 778ms
	BeginReloadAssembly (87ms)
		ExecutionOrderSort (0ms)
		DisableScriptedObjects (0ms)
		BackupInstance (0ms)
		ReleaseScriptingObjects (0ms)
		CreateAndSetChildDomain (1ms)
	RebuildCommonClasses (29ms)
	RebuildNativeTypeToScriptingClass (10ms)
	initialDomainReloadingComplete (54ms)
	LoadAllAssembliesAndSetupDomain (126ms)
		LoadAssemblies (86ms)
		RebuildTransferFunctionScriptingTraits (0ms)
		AnalyzeDomain (123ms)
			TypeCache.Refresh (122ms)
				TypeCache.ScanAssembly (111ms)
			ScanForSourceGeneratedMonoScriptInfo (0ms)
			ResolveRequiredComponents (0ms)
	FinalizeReload (474ms)
		ReleaseScriptCaches (0ms)
		RebuildScriptCaches (0ms)
		SetupLoadedEditorAssemblies (423ms)
			LogAssemblyErrors (0ms)
			InitializePlatformSupportModulesInManaged (298ms)
			SetLoadedEditorAssemblies (4ms)
			RefreshPlugins (0ms)
			BeforeProcessingInitializeOnLoad (2ms)
			ProcessInitializeOnLoadAttributes (82ms)
			ProcessInitializeOnLoadMethodAttributes (37ms)
			AfterProcessingInitializeOnLoad (0ms)
			EditorAssembliesLoaded (0ms)
		ExecutionOrderSort2 (0ms)
		AwakeInstancesAfterBackupRestoration (0ms)
========================================================================
Worker process is ready to serve import requests
Begin MonoManager ReloadAssembly
- Loaded All Assemblies, in  0.771 seconds
Refreshing native plugins compatible for Editor in 10.53 ms, found 16 plugins.
Native extension for UWP target not found
Native extension for WindowsStandalone target not found
Native extension for Android target not found
Native extension for WebGL target not found
Package Manager log level set to [2]
[Package Manager] Server::EnsureServerProcessIsRunning -- launch failed, reason: Unity was launched with the -noUpm command-line argument
[Package Manager] UpmClient::Send -- Unable to send message (not connected to UPM process).
[Package Manager] Cannot connect to Unity Package Manager local server
[Package Manager] Server::EnsureServerProcessIsRunning -- launch failed, reason: Unity was launched with the -noUpm command-line argument
[Package Manager] UpmClient::Send -- Unable to send message (not connected to UPM process).
[Package Manager] Cannot connect to Unity Package Manager local server
[XR] [MROpenXR][Info   ][19:53:59.644107][tid:43f0] MeshProvider_RegisterLifecycleProvider
[XR] [MROpenXR][Info   ][19:53:59.644107][tid:43f0] MeshProvider_RegisterLifecycleProvider
[XR] [MROpenXR][Info   ][19:53:59.644160][tid:43f0] InputProvider_RegisterLifecycleProvider
[XR] [MROpenXR][Info   ][19:53:59.644160][tid:43f0] InputProvider_RegisterLifecycleProvider
[XR] Error loading subsystem: Display (1) (header mismatch?)
[XR] [MROpenXR][Info   ][19:53:59.645363][tid:43f0] OnPluginStarted UnityVersion=2022.3.9f1 OpenXRPluginVersion=1.8.2 MROpenXRPluginVersion=1.8.0.0 PartA_PrivTags=33554432
[XR] [MROpenXR][Info   ][19:53:59.645363][tid:43f0] OnPluginStarted UnityVersion=2022.3.9f1 OpenXRPluginVersion=1.8.2 MROpenXRPluginVersion=1.8.0.0 PartA_PrivTags=33554432
Mono: successfully reloaded assembly
[Package Manager] Server::EnsureServerProcessIsRunning -- launch failed, reason: Unity was launched with the -noUpm command-line argument
[Package Manager] UpmClient::Send -- Unable to send message (not connected to UPM process).
[Package Manager] Cannot connect to Unity Package Manager local server
[Package Manager] Server::EnsureServerProcessIsRunning -- launch failed, reason: Unity was launched with the -noUpm command-line argument
[Package Manager] UpmClient::Send -- Unable to send message (not connected to UPM process).
[Package Manager] Cannot connect to Unity Package Manager local server
- Finished resetting the current domain, in  0.673 seconds
Domain Reload Profiling: 1442ms
	BeginReloadAssembly (286ms)
		ExecutionOrderSort (0ms)
		DisableScriptedObjects (5ms)
		BackupInstance (0ms)
		ReleaseScriptingObjects (0ms)
		CreateAndSetChildDomain (17ms)
	RebuildCommonClasses (28ms)
	RebuildNativeTypeToScriptingClass (9ms)
	initialDomainReloadingComplete (35ms)
	LoadAllAssembliesAndSetupDomain (409ms)
		LoadAssemblies (262ms)
		RebuildTransferFunctionScriptingTraits (0ms)
		AnalyzeDomain (216ms)
			TypeCache.Refresh (176ms)
				TypeCache.ScanAssembly (158ms)
			ScanForSourceGeneratedMonoScriptInfo (28ms)
			ResolveRequiredComponents (10ms)
	FinalizeReload (673ms)
		ReleaseScriptCaches (0ms)
		RebuildScriptCaches (0ms)
		SetupLoadedEditorAssemblies (512ms)
			LogAssemblyErrors (0ms)
			InitializePlatformSupportModulesInManaged (23ms)
			SetLoadedEditorAssemblies (3ms)
			RefreshPlugins (0ms)
			BeforeProcessingInitializeOnLoad (78ms)
			ProcessInitializeOnLoadAttributes (327ms)
			ProcessInitializeOnLoadMethodAttributes (75ms)
			AfterProcessingInitializeOnLoad (6ms)
			EditorAssembliesLoaded (0ms)
		ExecutionOrderSort2 (0ms)
		AwakeInstancesAfterBackupRestoration (5ms)
Launched and connected shader compiler UnityShaderCompiler.exe after 0.03 seconds
Refreshing native plugins compatible for Editor in 10.58 ms, found 16 plugins.
Preloading 0 native plugins for Editor in 0.00 ms.
Unloading 5480 Unused Serialized files (Serialized files now loaded: 0)
Unloading 101 unused Assets / (1.2 MB). Loaded Objects now: 5968.
Memory consumption went from 190.5 MB to 189.2 MB.
Total: 4.299600 ms (FindLiveObjects: 0.343400 ms CreateObjectMapping: 0.305100 ms MarkObjects: 3.108900 ms  DeleteObjects: 0.541200 ms)

AssetImportParameters requested are different than current active one (requested -> active):
  colorSpace: 1 -> 0
  custom:container-demuxer-ogg: 62fdf1f143b41e24485cea50d1cbac27 -> 
  custom:video-decoder-ogg-theora: a1e56fd34408186e4bbccfd4996cb3dc -> 
  custom:framework-win-MediaFoundation: 216162199b28c13a410421893ffa2e32 -> 
  custom:CustomObjectIndexerAttribute: 756ad292c208cfabdd7b50bc23989ffe -> 
  custom:container-demuxer-webm: 4f35f7cbe854078d1ac9338744f61a02 -> 
  custom:container-muxer-webm: aa71ff27fc2769a1b78a27578f13a17b -> 
  custom:video-decoder-webm-vp8: 9c59270c3fd7afecdb556c50c9e8de78 -> 
  custom:SearchIndexIgnoredProperties: e643bd26f0fe6173181afceb89e7c659 -> 
  custom:AudioImporter_EditorPlatform: d09bf68614088b80899f8185d706f6e7 -> 
  custom:video-encoder-webm-vp8: eb34c28f22e8b96e1ab97ce403110664 -> 
  custom:graphics/active-color-space: 03000000000000000000000000000000 -> 02000000000000000000000000000000
  custom:audio-decoder-ogg-vorbis: bf7c407c2cedff20999df2af8eb42d56 -> 
  custom:audio-encoder-webm-vorbis: bf7c407c2cedff20999df2af8eb42d56 -> 
========================================================================
Received Import Request.
  Time since last request: 25779.752038 seconds.
  path: Packages/org.mixedrealitytoolkit.input/Simulation
  artifactKey: Guid(51630259db15d264db293b44e69c637a) Importer(815301076,1909f56bfc062723c751e8b465ee728b)
Start importing Packages/org.mixedrealitytoolkit.input/Simulation using Guid(51630259db15d264db293b44e69c637a) Importer(815301076,1909f56bfc062723c751e8b465ee728b)  -> (artifact id: 'e74fd99fb609550fad4655f393d6be23') in 0.001698 seconds
Number of updated asset objects reloaded before import = 66
Number of asset objects unloaded after import = 0
========================================================================
Received Import Request.
  Time since last request: 0.066118 seconds.
  path: Packages/org.mixedrealitytoolkit.input/Simulation/MRTKInputSimulatorControls.inputactions
  artifactKey: Guid(70b361cf3c037d54896482d1ffd9f999) Importer(815301076,1909f56bfc062723c751e8b465ee728b)
Start importing Packages/org.mixedrealitytoolkit.input/Simulation/MRTKInputSimulatorControls.inputactions using Guid(70b361cf3c037d54896482d1ffd9f999) Importer(815301076,1909f56bfc062723c751e8b465ee728b)  -> (artifact id: '1ff571e6d9ae9b67ad065a1e55f81cbf') in 0.015857 seconds
Number of updated asset objects reloaded before import = 0
Number of asset objects unloaded after import = 33
========================================================================
Received Import Request.
  Time since last request: 3.218042 seconds.
  path: Packages/org.mixedrealitytoolkit.input/Simulation/Prefabs
  artifactKey: Guid(f2604e5940274d04e99a6e754fb15fcb) Importer(815301076,1909f56bfc062723c751e8b465ee728b)
Start importing Packages/org.mixedrealitytoolkit.input/Simulation/Prefabs using Guid(f2604e5940274d04e99a6e754fb15fcb) Importer(815301076,1909f56bfc062723c751e8b465ee728b)  -> (artifact id: 'd9cff91689fbcd891035d736f75aa7a2') in 0.000320 seconds
Number of updated asset objects reloaded before import = 0
Number of asset objects unloaded after import = 0
========================================================================
Received Import Request.
  Time since last request: 0.070447 seconds.
  path: Packages/org.mixedrealitytoolkit.input/Simulation/Prefabs/MRTKInputSimulator.prefab
  artifactKey: Guid(ad5b753b73e311143a85055b15cea562) Importer(815301076,1909f56bfc062723c751e8b465ee728b)
Start importing Packages/org.mixedrealitytoolkit.input/Simulation/Prefabs/MRTKInputSimulator.prefab using Guid(ad5b753b73e311143a85055b15cea562) Importer(815301076,1909f56bfc062723c751e8b465ee728b)  -> (artifact id: 'f72346cef5913830ac1d32fa2ee00e6e') in 0.018894 seconds
Number of updated asset objects reloaded before import = 0
Number of asset objects unloaded after import = 40
========================================================================
Received Import Request.
  Time since last request: 255.801354 seconds.
  path: Packages/com.microsoft.mrtk.graphicstools.unity/package.json
  artifactKey: Guid(a8642fe63d43672408b4023d418cf688) Importer(815301076,1909f56bfc062723c751e8b465ee728b)
Start importing Packages/com.microsoft.mrtk.graphicstools.unity/package.json using Guid(a8642fe63d43672408b4023d418cf688) Importer(815301076,1909f56bfc062723c751e8b465ee728b)  -> (artifact id: '561b78c21c1e58ddb541200739e4e3fd') in 0.000978 seconds
Number of updated asset objects reloaded before import = 0
Number of asset objects unloaded after import = 1
========================================================================
Received Import Request.
  Time since last request: 2.659867 seconds.
  path: Packages/org.mixedrealitytoolkit.spatialmanipulation/MRTK.SpatialManipulation.asmdef
  artifactKey: Guid(eb8403d5bc34ae149b14825a03a7f9c3) Importer(815301076,1909f56bfc062723c751e8b465ee728b)
Start importing Packages/org.mixedrealitytoolkit.spatialmanipulation/MRTK.SpatialManipulation.asmdef using Guid(eb8403d5bc34ae149b14825a03a7f9c3) Importer(815301076,1909f56bfc062723c751e8b465ee728b)  -> (artifact id: 'aa0367928221943d39933e8f1eaf6c1e') in 0.000333 seconds
Number of updated asset objects reloaded before import = 0
Number of asset objects unloaded after import = 0
========================================================================
Received Import Request.
  Time since last request: 0.373724 seconds.
  path: Packages/org.mixedrealitytoolkit.standardassets/package.json
  artifactKey: Guid(df80b7dfb81b9364b92a76071349fcff) Importer(815301076,1909f56bfc062723c751e8b465ee728b)
Start importing Packages/org.mixedrealitytoolkit.standardassets/package.json using Guid(df80b7dfb81b9364b92a76071349fcff) Importer(815301076,1909f56bfc062723c751e8b465ee728b)  -> (artifact id: '8a2fb86f2f754a9de5ce0112474ff4a9') in 0.000777 seconds
Number of updated asset objects reloaded before import = 0
Number of asset objects unloaded after import = 1
========================================================================
Received Import Request.
  Time since last request: 6.427471 seconds.
  path: Packages/org.mixedrealitytoolkit.standardassets/Materials
  artifactKey: Guid(401e02a3bec8da942be5de0d6e47c9e0) Importer(815301076,1909f56bfc062723c751e8b465ee728b)
Start importing Packages/org.mixedrealitytoolkit.standardassets/Materials using Guid(401e02a3bec8da942be5de0d6e47c9e0) Importer(815301076,1909f56bfc062723c751e8b465ee728b)  -> (artifact id: '4c75c7afa138c86af3629f72f1d5fcc6') in 0.000328 seconds
Number of updated asset objects reloaded before import = 0
Number of asset objects unloaded after import = 0
========================================================================
Received Import Request.
  Time since last request: 0.069906 seconds.
  path: Packages/org.mixedrealitytoolkit.standardassets/Materials/BackPlate_Holographic_White_94x126.mat
  artifactKey: Guid(78502d93c8384cf4ea551dafaaa632b9) Importer(815301076,1909f56bfc062723c751e8b465ee728b)
Start importing Packages/org.mixedrealitytoolkit.standardassets/Materials/BackPlate_Holographic_White_94x126.mat using Guid(78502d93c8384cf4ea551dafaaa632b9) Importer(815301076,1909f56bfc062723c751e8b465ee728b)  -> (artifact id: 'fd1d11b37b212e2296bc8cf4677632b4') in 0.180057 seconds
Number of updated asset objects reloaded before import = 0
Number of asset objects unloaded after import = 1
========================================================================
Received Import Request.
  Time since last request: 0.000017 seconds.
  path: Packages/org.mixedrealitytoolkit.standardassets/Materials/MRTK_Standard_Black_Unlit.mat
  artifactKey: Guid(3940a7658692e0047aac8452e250f1d7) Importer(815301076,1909f56bfc062723c751e8b465ee728b)
Start importing Packages/org.mixedrealitytoolkit.standardassets/Materials/MRTK_Standard_Black_Unlit.mat using Guid(3940a7658692e0047aac8452e250f1d7) Importer(815301076,1909f56bfc062723c751e8b465ee728b)  -> (artifact id: 'd22b2155a29e7b20bae359ba2f445998') in 0.045221 seconds
Number of updated asset objects reloaded before import = 0
Number of asset objects unloaded after import = 1
========================================================================
Received Import Request.
  Time since last request: 0.000018 seconds.
  path: Packages/org.mixedrealitytoolkit.standardassets/Materials/MRTK_Occlusion.mat
  artifactKey: Guid(5b0dfc1847d0a6e489fd8a8fef1f7b86) Importer(815301076,1909f56bfc062723c751e8b465ee728b)
Start importing Packages/org.mixedrealitytoolkit.standardassets/Materials/MRTK_Occlusion.mat using Guid(5b0dfc1847d0a6e489fd8a8fef1f7b86) Importer(815301076,1909f56bfc062723c751e8b465ee728b)  -> (artifact id: 'aad38955530fe7650c15b0fe391bf069') in 0.027147 seconds
Number of updated asset objects reloaded before import = 0
Number of asset objects unloaded after import = 1
========================================================================
Received Import Request.
  Time since last request: 0.000011 seconds.
  path: Packages/org.mixedrealitytoolkit.standardassets/Materials/MRTK_Standard_TransparentCharcoal.mat
  artifactKey: Guid(a2b79cfb132e1124a9b6d8fc05d52077) Importer(815301076,1909f56bfc062723c751e8b465ee728b)
Start importing Packages/org.mixedrealitytoolkit.standardassets/Materials/MRTK_Standard_TransparentCharcoal.mat using Guid(a2b79cfb132e1124a9b6d8fc05d52077) Importer(815301076,1909f56bfc062723c751e8b465ee728b)  -> (artifact id: '5bbea7318f1a1f9622ec8898c0c42b55') in 0.067453 seconds
Number of updated asset objects reloaded before import = 0
Number of asset objects unloaded after import = 1
========================================================================
Received Import Request.
  Time since last request: 0.000013 seconds.
  path: Packages/org.mixedrealitytoolkit.standardassets/Materials/MRTK_Standard_TransparentCyan.mat
  artifactKey: Guid(606724c90ae729f49808d0491278f3df) Importer(815301076,1909f56bfc062723c751e8b465ee728b)
Start importing Packages/org.mixedrealitytoolkit.standardassets/Materials/MRTK_Standard_TransparentCyan.mat using Guid(606724c90ae729f49808d0491278f3df) Importer(815301076,1909f56bfc062723c751e8b465ee728b)  -> (artifact id: 'be13fd771b2422882ebbe4209e3ab27e') in 0.011095 seconds
Number of updated asset objects reloaded before import = 0
Number of asset objects unloaded after import = 1
========================================================================
Received Import Request.
  Time since last request: 0.000013 seconds.
  path: Packages/org.mixedrealitytoolkit.standardassets/Materials/MRTK_Standard_TransparentYellow.mat
  artifactKey: Guid(6c6ab6d8d41e7954a99fc0441911e780) Importer(815301076,1909f56bfc062723c751e8b465ee728b)
Start importing Packages/org.mixedrealitytoolkit.standardassets/Materials/MRTK_Standard_TransparentYellow.mat using Guid(6c6ab6d8d41e7954a99fc0441911e780) Importer(815301076,1909f56bfc062723c751e8b465ee728b)  -> (artifact id: 'd2314623b898e2d2b22a9fefb21fa0ab') in 0.013695 seconds
Number of updated asset objects reloaded before import = 0
Number of asset objects unloaded after import = 1
========================================================================
Received Import Request.
  Time since last request: 0.000013 seconds.
  path: Packages/org.mixedrealitytoolkit.standardassets/Materials/MRTK_Standard_Pink.mat
  artifactKey: Guid(14ec1faa895414743b19ed4d59bb6fb0) Importer(815301076,1909f56bfc062723c751e8b465ee728b)
Start importing Packages/org.mixedrealitytoolkit.standardassets/Materials/MRTK_Standard_Pink.mat using Guid(14ec1faa895414743b19ed4d59bb6fb0) Importer(815301076,1909f56bfc062723c751e8b465ee728b)  -> (artifact id: 'eb9f35e106072ec506327528d224a80c') in 0.058134 seconds
Number of updated asset objects reloaded before import = 0
Number of asset objects unloaded after import = 1
========================================================================
Received Import Request.
  Time since last request: 0.000012 seconds.
  path: Packages/org.mixedrealitytoolkit.standardassets/Materials/BackPlate_Holographic_White_192x126.mat
  artifactKey: Guid(9bc0e14e549995144b112f3a5e4d621e) Importer(815301076,1909f56bfc062723c751e8b465ee728b)
Start importing Packages/org.mixedrealitytoolkit.standardassets/Materials/BackPlate_Holographic_White_192x126.mat using Guid(9bc0e14e549995144b112f3a5e4d621e) Importer(815301076,1909f56bfc062723c751e8b465ee728b)  -> (artifact id: 'b8d77c3c40491a407f94540b3ffe2975') in 0.012163 seconds
Number of updated asset objects reloaded before import = 0
Number of asset objects unloaded after import = 1
========================================================================
Received Import Request.
  Time since last request: 0.000013 seconds.
  path: Packages/org.mixedrealitytoolkit.standardassets/Materials/MRTK_Standard_TransparentMagenta.mat
  artifactKey: Guid(9a4fdf6e12df92f438b4f90e7bc9fce1) Importer(815301076,1909f56bfc062723c751e8b465ee728b)
Start importing Packages/org.mixedrealitytoolkit.standardassets/Materials/MRTK_Standard_TransparentMagenta.mat using Guid(9a4fdf6e12df92f438b4f90e7bc9fce1) Importer(815301076,1909f56bfc062723c751e8b465ee728b)  -> (artifact id: 'ac4d6e0b2ba41bad803f31cdd128b700') in 0.010932 seconds
Number of updated asset objects reloaded before import = 0
Number of asset objects unloaded after import = 1
========================================================================
Received Import Request.
  Time since last request: 0.000016 seconds.
  path: Packages/org.mixedrealitytoolkit.standardassets/Materials/MRTK_Standard_DarkBrown.mat
  artifactKey: Guid(87eb1fa889de57f49b16aff6b1741d5e) Importer(815301076,1909f56bfc062723c751e8b465ee728b)
Start importing Packages/org.mixedrealitytoolkit.standardassets/Materials/MRTK_Standard_DarkBrown.mat using Guid(87eb1fa889de57f49b16aff6b1741d5e) Importer(815301076,1909f56bfc062723c751e8b465ee728b)  -> (artifact id: '78fe19ccbd4ca8b43bce19b62352f302') in 0.011963 seconds
Number of updated asset objects reloaded before import = 0
Number of asset objects unloaded after import = 1
========================================================================
Received Import Request.
  Time since last request: 0.000020 seconds.
  path: Packages/org.mixedrealitytoolkit.standardassets/Materials/MRTK_Standard_Magenta.mat
  artifactKey: Guid(e0c5ea249ae97a443bf9e5e7ad530a7f) Importer(815301076,1909f56bfc062723c751e8b465ee728b)
Start importing Packages/org.mixedrealitytoolkit.standardassets/Materials/MRTK_Standard_Magenta.mat using Guid(e0c5ea249ae97a443bf9e5e7ad530a7f) Importer(815301076,1909f56bfc062723c751e8b465ee728b)  -> (artifact id: '432f141511cfc13d522995cffed816df') in 0.011537 seconds
Number of updated asset objects reloaded before import = 0
Number of asset objects unloaded after import = 1
========================================================================
Received Import Request.
  Time since last request: 0.000015 seconds.
  path: Packages/org.mixedrealitytoolkit.standardassets/Materials/MRTK_Standard_DarkGray.mat
  artifactKey: Guid(4b78d3a2e1ab7c0499ce81ca8d18e7b5) Importer(815301076,1909f56bfc062723c751e8b465ee728b)
Start importing Packages/org.mixedrealitytoolkit.standardassets/Materials/MRTK_Standard_DarkGray.mat using Guid(4b78d3a2e1ab7c0499ce81ca8d18e7b5) Importer(815301076,1909f56bfc062723c751e8b465ee728b)  -> (artifact id: 'd228f5a60123527338d90f22b49c76c5') in 0.105471 seconds
Number of updated asset objects reloaded before import = 0
Number of asset objects unloaded after import = 1
========================================================================
Received Import Request.
  Time since last request: 0.000011 seconds.
  path: Packages/org.mixedrealitytoolkit.standardassets/Materials/MRTK_Standard_White_StencilObject.mat
  artifactKey: Guid(e22eb6b0759a80d4e84be02ff377a943) Importer(815301076,1909f56bfc062723c751e8b465ee728b)
Start importing Packages/org.mixedrealitytoolkit.standardassets/Materials/MRTK_Standard_White_StencilObject.mat using Guid(e22eb6b0759a80d4e84be02ff377a943) Importer(815301076,1909f56bfc062723c751e8b465ee728b)  -> (artifact id: 'ebfd9836c2d5918844bb3a7227a4542e') in 0.005119 seconds
Number of updated asset objects reloaded before import = 0
Number of asset objects unloaded after import = 1
========================================================================
Received Import Request.
  Time since last request: 0.000012 seconds.
  path: Packages/org.mixedrealitytoolkit.standardassets/Materials/MRTK_Standard_Sprite.mat
  artifactKey: Guid(2157a29b6ece02542b46ddae766e70e8) Importer(815301076,1909f56bfc062723c751e8b465ee728b)
Start importing Packages/org.mixedrealitytoolkit.standardassets/Materials/MRTK_Standard_Sprite.mat using Guid(2157a29b6ece02542b46ddae766e70e8) Importer(815301076,1909f56bfc062723c751e8b465ee728b)  -> (artifact id: '0ff0c03dd81943146e337846e81ef407') in 0.076996 seconds
Number of updated asset objects reloaded before import = 0
Number of asset objects unloaded after import = 1
========================================================================
Received Import Request.
  Time since last request: 0.000012 seconds.
  path: Packages/org.mixedrealitytoolkit.standardassets/Materials/MRTK_Standard_TransparentEmerald.mat
  artifactKey: Guid(15874f36db431fe42b68e847119a48f4) Importer(815301076,1909f56bfc062723c751e8b465ee728b)
Start importing Packages/org.mixedrealitytoolkit.standardassets/Materials/MRTK_Standard_TransparentEmerald.mat using Guid(15874f36db431fe42b68e847119a48f4) Importer(815301076,1909f56bfc062723c751e8b465ee728b)  -> (artifact id: 'e618c12a12619a40b248a109db8a6a19') in 0.009961 seconds
Number of updated asset objects reloaded before import = 0
Number of asset objects unloaded after import = 1
========================================================================
Received Import Request.
  Time since last request: 0.000021 seconds.
  path: Packages/org.mixedrealitytoolkit.standardassets/Materials/ManipulationHandle_Proximity.mat
  artifactKey: Guid(8c5896107bd27be418fc21aa5741dd5e) Importer(815301076,1909f56bfc062723c751e8b465ee728b)
Start importing Packages/org.mixedrealitytoolkit.standardassets/Materials/ManipulationHandle_Proximity.mat using Guid(8c5896107bd27be418fc21aa5741dd5e) Importer(815301076,1909f56bfc062723c751e8b465ee728b)  -> (artifact id: '88099548b5ee7d76b2881735b0e19560') in 0.040850 seconds
Number of updated asset objects reloaded before import = 0
Number of asset objects unloaded after import = 1
========================================================================
Received Import Request.
  Time since last request: 0.000015 seconds.
  path: Packages/org.mixedrealitytoolkit.standardassets/Materials/ToggleVisuals_Backing_Blue.mat
  artifactKey: Guid(55d70a39c152f374bacfd3f11cd57a0c) Importer(815301076,1909f56bfc062723c751e8b465ee728b)
Start importing Packages/org.mixedrealitytoolkit.standardassets/Materials/ToggleVisuals_Backing_Blue.mat using Guid(55d70a39c152f374bacfd3f11cd57a0c) Importer(815301076,1909f56bfc062723c751e8b465ee728b)  -> (artifact id: '1695de3e19e6479ee477ed878f3eda08') in 0.107705 seconds
Number of updated asset objects reloaded before import = 0
Number of asset objects unloaded after import = 2
========================================================================
Received Import Request.
  Time since last request: 0.000016 seconds.
  path: Packages/org.mixedrealitytoolkit.standardassets/Materials/MRTK_Standard_TransparentLightGray.mat
  artifactKey: Guid(b6229e63d9c541c41b58ca02d65446d7) Importer(815301076,1909f56bfc062723c751e8b465ee728b)
Start importing Packages/org.mixedrealitytoolkit.standardassets/Materials/MRTK_Standard_TransparentLightGray.mat using Guid(b6229e63d9c541c41b58ca02d65446d7) Importer(815301076,1909f56bfc062723c751e8b465ee728b)  -> (artifact id: 'b03aa1bbe613b786f62cdd2b12a4995b') in 0.011526 seconds
Number of updated asset objects reloaded before import = 0
Number of asset objects unloaded after import = 1
========================================================================
Received Import Request.
  Time since last request: 0.000011 seconds.
  path: Packages/org.mixedrealitytoolkit.standardassets/Materials/MRTK_Standard_Gray.mat
  artifactKey: Guid(6c8d8bfbdde8ca745901525207a87138) Importer(815301076,1909f56bfc062723c751e8b465ee728b)
Start importing Packages/org.mixedrealitytoolkit.standardassets/Materials/MRTK_Standard_Gray.mat using Guid(6c8d8bfbdde8ca745901525207a87138) Importer(815301076,1909f56bfc062723c751e8b465ee728b)  -> (artifact id: '1f3630b8deb895bb3ab68b6afc264956') in 0.012049 seconds
Number of updated asset objects reloaded before import = 0
Number of asset objects unloaded after import = 1
========================================================================
Received Import Request.
  Time since last request: 0.000020 seconds.
  path: Packages/org.mixedrealitytoolkit.standardassets/Materials/MRTK_Wireframe.mat
  artifactKey: Guid(cc4003c154cbfc143ba940ab998da5ff) Importer(815301076,1909f56bfc062723c751e8b465ee728b)
Start importing Packages/org.mixedrealitytoolkit.standardassets/Materials/MRTK_Wireframe.mat using Guid(cc4003c154cbfc143ba940ab998da5ff) Importer(815301076,1909f56bfc062723c751e8b465ee728b)  -> (artifact id: 'b8ee875bb700633962c38a93e335293f') in 0.040493 seconds
Number of updated asset objects reloaded before import = 0
Number of asset objects unloaded after import = 1
========================================================================
Received Import Request.
  Time since last request: 0.000014 seconds.
  path: Packages/org.mixedrealitytoolkit.standardassets/Materials/MRTK_Standard_Green.mat
  artifactKey: Guid(0bd06e950ac4aa341bf4abc3c456b841) Importer(815301076,1909f56bfc062723c751e8b465ee728b)
Start importing Packages/org.mixedrealitytoolkit.standardassets/Materials/MRTK_Standard_Green.mat using Guid(0bd06e950ac4aa341bf4abc3c456b841) Importer(815301076,1909f56bfc062723c751e8b465ee728b)  -> (artifact id: 'ee2b4d5a225d8233ab38267d56708d70') in 0.011828 seconds
Number of updated asset objects reloaded before import = 0
Number of asset objects unloaded after import = 1
========================================================================
Received Import Request.
  Time since last request: 0.000021 seconds.
  path: Packages/org.mixedrealitytoolkit.standardassets/Materials/MRTK_Standard_Cyan.mat
  artifactKey: Guid(0c3570eeff29ef44e9fed596a4cc3ffd) Importer(815301076,1909f56bfc062723c751e8b465ee728b)
Start importing Packages/org.mixedrealitytoolkit.standardassets/Materials/MRTK_Standard_Cyan.mat using Guid(0c3570eeff29ef44e9fed596a4cc3ffd) Importer(815301076,1909f56bfc062723c751e8b465ee728b)  -> (artifact id: '496d6bea33fe3db212b4fdafaeb33d9e') in 0.098441 seconds
Number of updated asset objects reloaded before import = 0
Number of asset objects unloaded after import = 1
========================================================================
Received Import Request.
  Time since last request: 0.000014 seconds.
  path: Packages/org.mixedrealitytoolkit.standardassets/Materials/MRTK_Standard_Orange.mat
  artifactKey: Guid(b1ac50d5d67970a49a49c29519977b61) Importer(815301076,1909f56bfc062723c751e8b465ee728b)
Start importing Packages/org.mixedrealitytoolkit.standardassets/Materials/MRTK_Standard_Orange.mat using Guid(b1ac50d5d67970a49a49c29519977b61) Importer(815301076,1909f56bfc062723c751e8b465ee728b)  -> (artifact id: '89761e6f9bf951b08253d2a6109e3074') in 0.011242 seconds
Number of updated asset objects reloaded before import = 0
Number of asset objects unloaded after import = 1
========================================================================
Received Import Request.
  Time since last request: 0.000011 seconds.
  path: Packages/org.mixedrealitytoolkit.standardassets/Materials/MRTK_Standard_TransparentGray.mat
  artifactKey: Guid(2ed2a08f656c2e740b3e821aed9cc815) Importer(815301076,1909f56bfc062723c751e8b465ee728b)
Start importing Packages/org.mixedrealitytoolkit.standardassets/Materials/MRTK_Standard_TransparentGray.mat using Guid(2ed2a08f656c2e740b3e821aed9cc815) Importer(815301076,1909f56bfc062723c751e8b465ee728b)  -> (artifact id: '651e6cfbc6cd57bdf8c7dcbca4682d5f') in 0.010031 seconds
Number of updated asset objects reloaded before import = 0
Number of asset objects unloaded after import = 1
========================================================================
Received Import Request.
  Time since last request: 0.000012 seconds.
  path: Packages/org.mixedrealitytoolkit.standardassets/Materials/ManipulationHandle_Proximity 1.mat
  artifactKey: Guid(f71187955b07ac946a4d89b93d25a0c0) Importer(815301076,1909f56bfc062723c751e8b465ee728b)
Start importing Packages/org.mixedrealitytoolkit.standardassets/Materials/ManipulationHandle_Proximity 1.mat using Guid(f71187955b07ac946a4d89b93d25a0c0) Importer(815301076,1909f56bfc062723c751e8b465ee728b)  -> (artifact id: '33274291481a88846e9539c5aeeffa16') in 0.009650 seconds
Number of updated asset objects reloaded before import = 0
Number of asset objects unloaded after import = 1
========================================================================
Received Import Request.
  Time since last request: 0.000031 seconds.
  path: Packages/org.mixedrealitytoolkit.standardassets/Materials/MRTK_Standard_TransparentOrange.mat
  artifactKey: Guid(9c132f3938005904fbf232185cdcfe5f) Importer(815301076,1909f56bfc062723c751e8b465ee728b)
Start importing Packages/org.mixedrealitytoolkit.standardassets/Materials/MRTK_Standard_TransparentOrange.mat using Guid(9c132f3938005904fbf232185cdcfe5f) Importer(815301076,1909f56bfc062723c751e8b465ee728b)  -> (artifact id: '4fe060cc19475052e5a789fdeffcc891') in 0.009926 seconds
Number of updated asset objects reloaded before import = 0
Number of asset objects unloaded after import = 1
========================================================================
Received Import Request.
  Time since last request: 0.000018 seconds.
  path: Packages/org.mixedrealitytoolkit.standardassets/Materials/MRTK_Standard_Red.mat
  artifactKey: Guid(db61b94b23e5fb444b86c231d13e46ef) Importer(815301076,1909f56bfc062723c751e8b465ee728b)
Start importing Packages/org.mixedrealitytoolkit.standardassets/Materials/MRTK_Standard_Red.mat using Guid(db61b94b23e5fb444b86c231d13e46ef) Importer(815301076,1909f56bfc062723c751e8b465ee728b)  -> (artifact id: '9e78b8603ade8e0f02c7bf46830444c9') in 0.010251 seconds
Number of updated asset objects reloaded before import = 0
Number of asset objects unloaded after import = 1
========================================================================
Received Import Request.
  Time since last request: 0.000015 seconds.
  path: Packages/org.mixedrealitytoolkit.standardassets/Materials/MRTK_Standard_TransparentWhite.mat
  artifactKey: Guid(4d1ca21aa2c364b47ab91174d192f64d) Importer(815301076,1909f56bfc062723c751e8b465ee728b)
Start importing Packages/org.mixedrealitytoolkit.standardassets/Materials/MRTK_Standard_TransparentWhite.mat using Guid(4d1ca21aa2c364b47ab91174d192f64d) Importer(815301076,1909f56bfc062723c751e8b465ee728b)  -> (artifact id: 'd0e9d5f3de18b19d2af991ce9a1a3cf9') in 0.009319 seconds
Number of updated asset objects reloaded before import = 0
Number of asset objects unloaded after import = 1
========================================================================
Received Import Request.
  Time since last request: 0.000013 seconds.
  path: Packages/org.mixedrealitytoolkit.standardassets/Materials/MRTK_Standard_TransparentBlue.mat
  artifactKey: Guid(fd7308cd632034c4aa20b81ded4de6e8) Importer(815301076,1909f56bfc062723c751e8b465ee728b)
Start importing Packages/org.mixedrealitytoolkit.standardassets/Materials/MRTK_Standard_TransparentBlue.mat using Guid(fd7308cd632034c4aa20b81ded4de6e8) Importer(815301076,1909f56bfc062723c751e8b465ee728b)  -> (artifact id: '89cc139d0738c862c229abca03344e53') in 0.011326 seconds
Number of updated asset objects reloaded before import = 0
Number of asset objects unloaded after import = 1
========================================================================
Received Import Request.
  Time since last request: 0.000014 seconds.
  path: Packages/org.mixedrealitytoolkit.standardassets/Materials/MRTK_Standard_Charcoal.mat
  artifactKey: Guid(987f7ade5b34fb74dbefd305bbbf85cf) Importer(815301076,1909f56bfc062723c751e8b465ee728b)
Start importing Packages/org.mixedrealitytoolkit.standardassets/Materials/MRTK_Standard_Charcoal.mat using Guid(987f7ade5b34fb74dbefd305bbbf85cf) Importer(815301076,1909f56bfc062723c751e8b465ee728b)  -> (artifact id: '1c6c2f3a42ee712e56c226f3bb6a87a8') in 0.010266 seconds
Number of updated asset objects reloaded before import = 0
Number of asset objects unloaded after import = 1
========================================================================
Received Import Request.
  Time since last request: 0.000015 seconds.
  path: Packages/org.mixedrealitytoolkit.standardassets/Materials/MRTK_Standard_Lime.mat
  artifactKey: Guid(aed69361010390840abc588081f8e964) Importer(815301076,1909f56bfc062723c751e8b465ee728b)
Start importing Packages/org.mixedrealitytoolkit.standardassets/Materials/MRTK_Standard_Lime.mat using Guid(aed69361010390840abc588081f8e964) Importer(815301076,1909f56bfc062723c751e8b465ee728b)  -> (artifact id: 'e8828850639655a6638ae2cf266f53a6') in 0.009758 seconds
Number of updated asset objects reloaded before import = 0
Number of asset objects unloaded after import = 1
========================================================================
Received Import Request.
  Time since last request: 0.000011 seconds.
  path: Packages/org.mixedrealitytoolkit.standardassets/Materials/MRTK_Standard_Yellow.mat
  artifactKey: Guid(b1b2f20dcaa2e34419a8b57f95aea2e4) Importer(815301076,1909f56bfc062723c751e8b465ee728b)
Start importing Packages/org.mixedrealitytoolkit.standardassets/Materials/MRTK_Standard_Yellow.mat using Guid(b1b2f20dcaa2e34419a8b57f95aea2e4) Importer(815301076,1909f56bfc062723c751e8b465ee728b)  -> (artifact id: '1d0c9b80e43bf49e333f8006d1826159') in 0.011003 seconds
Number of updated asset objects reloaded before import = 0
Number of asset objects unloaded after import = 1
========================================================================
Received Import Request.
  Time since last request: 0.000013 seconds.
  path: Packages/org.mixedrealitytoolkit.standardassets/Materials/ToggleVisuals_Backing.mat
  artifactKey: Guid(e3688049bd6474d4d8a1bf07366513de) Importer(815301076,1909f56bfc062723c751e8b465ee728b)
Start importing Packages/org.mixedrealitytoolkit.standardassets/Materials/ToggleVisuals_Backing.mat using Guid(e3688049bd6474d4d8a1bf07366513de) Importer(815301076,1909f56bfc062723c751e8b465ee728b)  -> (artifact id: '61180296bbf608de3b2675aca0cfd17c') in 0.010600 seconds
Number of updated asset objects reloaded before import = 0
Number of asset objects unloaded after import = 2
========================================================================
Received Import Request.
  Time since last request: 0.000023 seconds.
  path: Packages/org.mixedrealitytoolkit.standardassets/Materials/MRTK_Standard_Purple.mat
  artifactKey: Guid(ecf898134fc873c48b1263a093f12178) Importer(815301076,1909f56bfc062723c751e8b465ee728b)
Start importing Packages/org.mixedrealitytoolkit.standardassets/Materials/MRTK_Standard_Purple.mat using Guid(ecf898134fc873c48b1263a093f12178) Importer(815301076,1909f56bfc062723c751e8b465ee728b)  -> (artifact id: '9054c6bf0f104ddba57c66a0d826c965') in 0.011523 seconds
Number of updated asset objects reloaded before import = 0
Number of asset objects unloaded after import = 1
========================================================================
Received Import Request.
  Time since last request: 0.000014 seconds.
  path: Packages/org.mixedrealitytoolkit.standardassets/Materials/MRTK_Standard_TransparentPurple.mat
  artifactKey: Guid(9d79610ad86e34444a4c7eeb820f7df7) Importer(815301076,1909f56bfc062723c751e8b465ee728b)
Start importing Packages/org.mixedrealitytoolkit.standardassets/Materials/MRTK_Standard_TransparentPurple.mat using Guid(9d79610ad86e34444a4c7eeb820f7df7) Importer(815301076,1909f56bfc062723c751e8b465ee728b)  -> (artifact id: '4b0851bab618ec67866575031bea4cde') in 0.009696 seconds
Number of updated asset objects reloaded before import = 0
Number of asset objects unloaded after import = 1
========================================================================
Received Import Request.
  Time since last request: 0.000012 seconds.
  path: Packages/org.mixedrealitytoolkit.standardassets/Materials/ToggleVisuals_ToggleDot.mat
  artifactKey: Guid(a5e18561b49fc5148824ed7c16d531f5) Importer(815301076,1909f56bfc062723c751e8b465ee728b)
Start importing Packages/org.mixedrealitytoolkit.standardassets/Materials/ToggleVisuals_ToggleDot.mat using Guid(a5e18561b49fc5148824ed7c16d531f5) Importer(815301076,1909f56bfc062723c751e8b465ee728b)  -> (artifact id: '38b22ca244baacb22cc2f2bde9e7f377') in 0.080883 seconds
Number of updated asset objects reloaded before import = 0
Number of asset objects unloaded after import = 2
========================================================================
Received Import Request.
  Time since last request: 0.000012 seconds.
  path: Packages/org.mixedrealitytoolkit.standardassets/Materials/MRTK_Standard_Blue.mat
  artifactKey: Guid(22af01504e795b246ba8294b971269a5) Importer(815301076,1909f56bfc062723c751e8b465ee728b)
Start importing Packages/org.mixedrealitytoolkit.standardassets/Materials/MRTK_Standard_Blue.mat using Guid(22af01504e795b246ba8294b971269a5) Importer(815301076,1909f56bfc062723c751e8b465ee728b)  -> (artifact id: '1ac68b88222fd36e18a0fa50d364f899') in 0.010905 seconds
Number of updated asset objects reloaded before import = 0
Number of asset objects unloaded after import = 1
Editor requested this worker to shutdown with reason: Scaling down because of idle timeout
TcpMessagingSession - receive error: operation aborted. errorcode: 995, details: The I/O operation has been aborted because of either a thread exit or an application request.
AssetImportWorker is now disconnected from the server
Process exiting
Exiting without the bug reporter. Application will terminate with return code 0